<?xml version="1.0" encoding="utf-8"?><testsuites name="pytest tests"><testsuite name="pytest" errors="0" failures="0" skipped="0" tests="14" time="1.513" timestamp="2026-04-22T09:09:48.376809+00:00" hostname="agent-env-9e412701-2416-46e3-91e9-0c929d53d5d9"><testcase classname="backend.tests.test_pos_api.TestHealth" name="test_root" time="0.220" /><testcase classname="backend.tests.test_pos_api.TestCategories" name="test_list_categories_count" time="0.048" /><testcase classname="backend.tests.test_pos_api.TestProducts" name="test_list_products_count" time="0.046" /><testcase classname="backend.tests.test_pos_api.TestProducts" name="test_products_favorite_filter" time="0.053" /><testcase classname="backend.tests.test_pos_api.TestProducts" name="test_products_category_filter" time="0.094" /><testcase classname="backend.tests.test_pos_api.TestAuth" name="test_verify_pin_admin" time="0.046" /><testcase classname="backend.tests.test_pos_api.TestAuth" name="test_verify_pin_cashier" time="0.046" /><testcase classname="backend.tests.test_pos_api.TestAuth" name="test_verify_pin_invalid" time="0.043" /><testcase classname="backend.tests.test_pos_api.TestCustomers" name="test_list_customers" time="0.047" /><testcase classname="backend.tests.test_pos_api.TestCustomers" name="test_create_customer" time="0.093" /><testcase classname="backend.tests.test_pos_api.TestOrders" name="test_create_order_and_persist" time="0.138" /><testcase classname="backend.tests.test_pos_api.TestOrders" name="test_list_orders_by_source_delivery" time="0.046" /><testcase classname="backend.tests.test_pos_api.TestOrders" name="test_update_order_status" time="0.142" /><testcase classname="backend.tests.test_pos_api.TestParkedOrders" name="test_parked_crud" time="0.255" /></testsuite></testsuites>